#
# A fatal error has been detected by the Java Runtime Environment:
#
#  SIGSEGV (0xb) at pc=0x00007fff7311769d, pid=74961, tid=66071
#
# JRE version: Java(TM) SE Runtime Environment (11.0.2+9) (build 11.0.2+9-LTS)
# Java VM: Java HotSpot(TM) 64-Bit Server VM (11.0.2+9-LTS, mixed mode, tiered, compressed oops, g1 gc, bsd-amd64)
# Problematic frame:
# C  [libobjc.A.dylib+0x669d]  objc_msgSend+0x1d
#
# No core dump will be written. Core dumps have been disabled. To enable core dumping, try "ulimit -c unlimited" before starting Java again
#
# If you would like to submit a bug report, please visit:
#   http://bugreport.java.com/bugreport/crash.jsp
#

---------------  S U M M A R Y ------------

Command Line: -Dmaven.multiModuleProjectDirectory=/Users/eirikboyum/Documents/GitHub/ForsikringsRegister -Dmaven.home=/Applications/IntelliJ IDEA CE.app/Contents/plugins/maven/lib/maven3 -Dclassworlds.conf=/Applications/IntelliJ IDEA CE.app/Contents/plugins/maven/lib/maven3/bin/m2.conf -javaagent:/Applications/IntelliJ IDEA CE.app/Contents/lib/idea_rt.jar=56136:/Applications/IntelliJ IDEA CE.app/Contents/bin -Dfile.encoding=UTF-8 org.codehaus.classworlds.Launcher -Didea.version2019.1.1 exec:java

Host: MacBookPro11,2 x86_64 2000 MHz, 8 cores, 8G, Darwin 18.5.0
Time: Mon Apr 29 13:42:17 2019 CEST elapsed time: 9 seconds (0d 0h 0m 9s)

---------------  T H R E A D  ---------------

Current thread is native thread

Stack: [0x000070000786f000,0x00007000078ef000],  sp=0x00007000078edf78,  free space=507k
Native frames: (J=compiled Java code, A=aot compiled Java code, j=interpreted, Vv=VM code, C=native code)
C  [libobjc.A.dylib+0x669d]  objc_msgSend+0x1d
C  [Foundation+0x36e0]  -[NSURL(NSURL) path]+0x8f
C  [IconServices+0x58d3]  +[ISStoreUnit storeUnitWithStoreURL:UUID:]+0x52
C  [IconServices+0x54fc]  -[ISStore unitForUUID:]+0xab
C  [IconServices+0x4211]  -[ISIconCache _cachedImageForGenerationRequest:]+0x48d
C  [IconServices+0x3c51]  -[ISIconCache imageWithRequest:]+0x4d
C  [IconServices+0x6407]  _ISCreateCGImageFromBindingWithSizeScaleAndOptions+0xb1
C  [DesktopServicesPriv+0xefdf1]  _ZN7TFSInfo19CopyIconRefForSizesEPK7__CFURLjRP13OpaqueIconRefb+0x103
C  [DesktopServicesPriv+0x26438]  _ZNK7TFSInfo11CopyIconRefE18NodeRequestOptionsRP13OpaqueIconRefRb+0x656
C  [DesktopServicesPriv+0x25d10]  _ZNK5TNode11CopyIconRefE18NodeRequestOptionsRP13OpaqueIconRef+0x5e
C  [DesktopServicesPriv+0x1c944]  _ZN5TNode34ResolveSharedFileListAliasIfNeededEv+0x1ba
C  [DesktopServicesPriv+0x6974e]  ___ZN5TNode17HandleVolumeAddedERK4TRefIP9TNodeTask23TInternalRefCountPolicyIS1_EEb_block_invoke+0x8e
C  [libdispatch.dylib+0x25f8]  _dispatch_call_block_and_release+0xc
C  [libdispatch.dylib+0x363d]  _dispatch_client_callout+0x8
C  [libdispatch.dylib+0x98e0]  _dispatch_lane_serial_drain+0x25a
C  [libdispatch.dylib+0xa396]  _dispatch_lane_invoke+0x181
C  [libdispatch.dylib+0x126ed]  _dispatch_workloop_worker_thread+0x256
C  [libsystem_pthread.dylib+0x2611]  _pthread_wqthread+0x1a5
C  [libsystem_pthread.dylib+0x23fd]  start_wqthread+0xd


siginfo: si_signo: 11 (SIGSEGV), si_code: 1 (SEGV_MAPERR), si_addr: 0x0000000000000018

Register to memory mapping:

RAX=
[error occurred during error reporting (printing register info), id 0xb, SIGSEGV (0xb) at pc=0x0000000103ef5884]

Registers:
RAX=0x00000000deadbeef, RBX=0x00007fb5f031fe30, RCX=0x00007fffa04c4090, RDX=0x00007fff7313bf18
RSP=0x00007000078edf78, RBP=0x00007000078ee3b0, RSI=0x00007fff466e5fe3, RDI=0x00000000deadbeef
R8 =0x0000000000000002, R9 =0x00007fb5f031c4f0, R10=0x0000000000000000, R11=0x00007fff466e5fe3
R12=0x00007fb5f031fe30, R13=0x0000000000000000, R14=0x0000000000000000, R15=0x00007fffa038e8f0
RIP=0x00007fff7311769d, EFLAGS=0x0000000000010206, ERR=0x0000000000000004
  TRAPNO=0x000000000000000e

Top of Stack: (sp=0x00007000078edf78)
0x00007000078edf78:   00007fff484bfdc7 00000001027aa000
0x00007000078edf88:   0000000000000020 00007fb5f6800000
0x00007000078edf98:   0000000000000003 00007000078ee030
0x00007000078edfa8:   00007fff74b00f69 00007000078ee180
0x00007000078edfb8:   00007fb5f68fc080 00007fb500000007
0x00007000078edfc8:   00000001027a3080 0000000000000002
0x00007000078edfd8:   00007fb5f6801020 00000001078ee080
0x00007000078edfe8:   00007fff74b31a84 00007fb5f6801020
0x00007000078edff8:   00007fb5f6801050 00000001027aa000
0x00007000078ee008:   0000000000000007 00007fb5f68fc09c
0x00007000078ee018:   00000001027aa000 00000001027a3080
0x00007000078ee028:   00007fb5f6801020 00007000078ee090
0x00007000078ee038:   00000001027a0750 00000001027a0754
0x00007000078ee048:   0000000000000000 00007fb5eede2a50
0x00007000078ee058:   00007000078ee11c 00007000078ee080
0x00007000078ee068:   00007fff74b30003 00000001027a0750
0x00007000078ee078:   00007fb5eede2a50 00007000078ee100
0x00007000078ee088:   00007fff74b2debe 00007000078ee0e0
0x00007000078ee098:   00007fff73118b64 00007fffa4a27888
0x00007000078ee0a8:   0000000000000000 00007000078ee0e0
0x00007000078ee0b8:   00007fff73128382 00007fb5f3f74320
0x00007000078ee0c8:   00007fffa4a27888 0000000000000000
0x00007000078ee0d8:   00007fffa4a278b0 00007000078ee100
0x00007000078ee0e8:   00007fff7312831f 00007ffffffffff8
0x00007000078ee0f8:   00007fffa7511140 00007000078ee140
0x00007000078ee108:   00007fff74aff901 0000000000000000
0x00007000078ee118:   0000000000000000 0000000000000005
0x00007000078ee128:   00007fffa4a278c0 00000001027a5a00
0x00007000078ee138:   00000001027a5a00 00007000078ee1f0
0x00007000078ee148:   00007fff74aff4ff 0000000000000000
0x00007000078ee158:   f6aa800070001000 00000000ffefffff
0x00007000078ee168:   00007fff466ef692 00007000078ee1d0 

Instructions: (pc=0x00007fff7311769d)
0x00007fff7311767d:   0f 1f 00 48 85 ff 2e 74 62 40 f6 c7 01 2e 75 66
0x00007fff7311768d:   49 ba f8 ff ff ff ff 7f 00 00 4c 23 17 49 89 f3
0x00007fff7311769d:   45 23 5a 18 49 c1 e3 04 4d 03 5a 10 49 3b 33 75
0x00007fff731176ad:   04 41 ff 63 08 49 83 3b 01 76 0d 49 83 c3 10 49 

Stack slot to memory mapping:
stack at sp + 0 slots: 
[error occurred during error reporting (inspecting top of stack), id 0xb, SIGSEGV (0xb) at pc=0x0000000103ef5884]


---------------  P R O C E S S  ---------------

VM state:not at safepoint (normal execution)

VM Mutex/Monitor currently owned by a thread: None

Heap address: 0x0000000780000000, size: 2048 MB, Compressed Oops mode: Zero based, Oop shift amount: 3
Narrow klass base: 0x0000000800000000, Narrow klass shift: 0
Compressed class space size: 1073741824 Address: 0x0000000800000000

Heap:
 garbage-first heap   total 131072K, used 41407K [0x0000000780000000, 0x0000000800000000)
  region size 1024K, 29 young (29696K), 9 survivors (9216K)
 Metaspace       used 38646K, capacity 40078K, committed 40368K, reserved 1083392K
  class space    used 4997K, capacity 5600K, committed 5632K, reserved 1048576K
Heap Regions: E=young(eden), S=young(survivor), O=old, HS=humongous(starts), HC=humongous(continues), CS=collection set, F=free, A=archive, TAMS=top-at-mark-start (previous, next)
|   0|0x0000000780000000, 0x0000000780100000, 0x0000000780100000|100%| O|  |TAMS 0x0000000780100000, 0x0000000780000000| Untracked 
|   1|0x0000000780100000, 0x0000000780200000, 0x0000000780200000|100%| O|  |TAMS 0x0000000780200000, 0x0000000780100000| Untracked 
|   2|0x0000000780200000, 0x0000000780300000, 0x0000000780300000|100%| O|  |TAMS 0x0000000780300000, 0x0000000780200000| Untracked 
|   3|0x0000000780300000, 0x0000000780400000, 0x0000000780400000|100%| O|  |TAMS 0x0000000780400000, 0x0000000780300000| Untracked 
|   4|0x0000000780400000, 0x0000000780500000, 0x0000000780500000|100%| O|  |TAMS 0x0000000780500000, 0x0000000780400000| Untracked 
|   5|0x0000000780500000, 0x0000000780600000, 0x0000000780600000|100%| O|  |TAMS 0x0000000780600000, 0x0000000780500000| Untracked 
|   6|0x0000000780600000, 0x0000000780624200, 0x0000000780700000| 14%| O|  |TAMS 0x0000000780624200, 0x0000000780600000| Untracked 
|   7|0x0000000780700000, 0x0000000780800000, 0x0000000780800000|100%|HS|  |TAMS 0x0000000780700000, 0x0000000780700000| Complete 
|   8|0x0000000780800000, 0x0000000780900000, 0x0000000780900000|100%|HC|  |TAMS 0x0000000780800000, 0x0000000780800000| Complete 
|   9|0x0000000780900000, 0x0000000780a00000, 0x0000000780a00000|100%|HS|  |TAMS 0x0000000780900000, 0x0000000780900000| Complete 
|  10|0x0000000780a00000, 0x0000000780b00000, 0x0000000780b00000|100%|HC|  |TAMS 0x0000000780a00000, 0x0000000780a00000| Complete 
|  11|0x0000000780b00000, 0x0000000780c00000, 0x0000000780c00000|100%|HS|  |TAMS 0x0000000780b00000, 0x0000000780b00000| Complete 
|  12|0x0000000780c00000, 0x0000000780d00000, 0x0000000780d00000|100%|HS|  |TAMS 0x0000000780c00000, 0x0000000780c00000| Complete 
|  13|0x0000000780d00000, 0x0000000780e00000, 0x0000000780e00000|100%|HC|  |TAMS 0x0000000780d00000, 0x0000000780d00000| Complete 
|  14|0x0000000780e00000, 0x0000000780e00000, 0x0000000780f00000|  0%| F|  |TAMS 0x0000000780e00000, 0x0000000780e00000| Untracked 
|  15|0x0000000780f00000, 0x0000000780f00000, 0x0000000781000000|  0%| F|  |TAMS 0x0000000780f00000, 0x0000000780f00000| Untracked 
|  16|0x0000000781000000, 0x0000000781000000, 0x0000000781100000|  0%| F|  |TAMS 0x0000000781000000, 0x0000000781000000| Untracked 
|  17|0x0000000781100000, 0x0000000781100000, 0x0000000781200000|  0%| F|  |TAMS 0x0000000781100000, 0x0000000781100000| Untracked 
|  18|0x0000000781200000, 0x0000000781200000, 0x0000000781300000|  0%| F|  |TAMS 0x0000000781200000, 0x0000000781200000| Untracked 
|  19|0x0000000781300000, 0x0000000781300000, 0x0000000781400000|  0%| F|  |TAMS 0x0000000781300000, 0x0000000781300000| Untracked 
|  20|0x0000000781400000, 0x0000000781400000, 0x0000000781500000|  0%| F|  |TAMS 0x0000000781400000, 0x0000000781400000| Untracked 
|  21|0x0000000781500000, 0x0000000781500000, 0x0000000781600000|  0%| F|  |TAMS 0x0000000781500000, 0x0000000781500000| Untracked 
|  22|0x0000000781600000, 0x0000000781600000, 0x0000000781700000|  0%| F|  |TAMS 0x0000000781600000, 0x0000000781600000| Untracked 
|  23|0x0000000781700000, 0x0000000781700000, 0x0000000781800000|  0%| F|  |TAMS 0x0000000781700000, 0x0000000781700000| Untracked 
|  24|0x0000000781800000, 0x0000000781800000, 0x0000000781900000|  0%| F|  |TAMS 0x0000000781800000, 0x0000000781800000| Untracked 
|  25|0x0000000781900000, 0x0000000781900000, 0x0000000781a00000|  0%| F|  |TAMS 0x0000000781900000, 0x0000000781900000| Untracked 
|  26|0x0000000781a00000, 0x0000000781a00000, 0x0000000781b00000|  0%| F|  |TAMS 0x0000000781a00000, 0x0000000781a00000| Untracked 
|  27|0x0000000781b00000, 0x0000000781b00000, 0x0000000781c00000|  0%| F|  |TAMS 0x0000000781b00000, 0x0000000781b00000| Untracked 
|  28|0x0000000781c00000, 0x0000000781c00000, 0x0000000781d00000|  0%| F|  |TAMS 0x0000000781c00000, 0x0000000781c00000| Untracked 
|  29|0x0000000781d00000, 0x0000000781d00000, 0x0000000781e00000|  0%| F|  |TAMS 0x0000000781d00000, 0x0000000781d00000| Untracked 
|  30|0x0000000781e00000, 0x0000000781e00000, 0x0000000781f00000|  0%| F|  |TAMS 0x0000000781e00000, 0x0000000781e00000| Untracked 
|  31|0x0000000781f00000, 0x0000000781f00000, 0x0000000782000000|  0%| F|  |TAMS 0x0000000781f00000, 0x0000000781f00000| Untracked 
|  32|0x0000000782000000, 0x0000000782000000, 0x0000000782100000|  0%| F|  |TAMS 0x0000000782000000, 0x0000000782000000| Untracked 
|  33|0x0000000782100000, 0x0000000782100000, 0x0000000782200000|  0%| F|  |TAMS 0x0000000782100000, 0x0000000782100000| Untracked 
|  34|0x0000000782200000, 0x0000000782200000, 0x0000000782300000|  0%| F|  |TAMS 0x0000000782200000, 0x0000000782200000| Untracked 
|  35|0x0000000782300000, 0x0000000782300000, 0x0000000782400000|  0%| F|  |TAMS 0x0000000782300000, 0x0000000782300000| Untracked 
|  36|0x0000000782400000, 0x0000000782400000, 0x0000000782500000|  0%| F|  |TAMS 0x0000000782400000, 0x0000000782400000| Untracked 
|  37|0x0000000782500000, 0x0000000782500000, 0x0000000782600000|  0%| F|  |TAMS 0x0000000782500000, 0x0000000782500000| Untracked 
|  38|0x0000000782600000, 0x0000000782600000, 0x0000000782700000|  0%| F|  |TAMS 0x0000000782600000, 0x0000000782600000| Untracked 
|  39|0x0000000782700000, 0x0000000782700000, 0x0000000782800000|  0%| F|  |TAMS 0x0000000782700000, 0x0000000782700000| Untracked 
|  40|0x0000000782800000, 0x0000000782800000, 0x0000000782900000|  0%| F|  |TAMS 0x0000000782800000, 0x0000000782800000| Untracked 
|  41|0x0000000782900000, 0x0000000782900000, 0x0000000782a00000|  0%| F|  |TAMS 0x0000000782900000, 0x0000000782900000| Untracked 
|  42|0x0000000782a00000, 0x0000000782a00000, 0x0000000782b00000|  0%| F|  |TAMS 0x0000000782a00000, 0x0000000782a00000| Untracked 
|  43|0x0000000782b00000, 0x0000000782b00000, 0x0000000782c00000|  0%| F|  |TAMS 0x0000000782b00000, 0x0000000782b00000| Untracked 
|  44|0x0000000782c00000, 0x0000000782c00000, 0x0000000782d00000|  0%| F|  |TAMS 0x0000000782c00000, 0x0000000782c00000| Untracked 
|  45|0x0000000782d00000, 0x0000000782d00000, 0x0000000782e00000|  0%| F|  |TAMS 0x0000000782d00000, 0x0000000782d00000| Untracked 
|  46|0x0000000782e00000, 0x0000000782e00000, 0x0000000782f00000|  0%| F|  |TAMS 0x0000000782e00000, 0x0000000782e00000| Untracked 
|  47|0x0000000782f00000, 0x0000000782f00000, 0x0000000783000000|  0%| F|  |TAMS 0x0000000782f00000, 0x0000000782f00000| Untracked 
|  48|0x0000000783000000, 0x0000000783000000, 0x0000000783100000|  0%| F|  |TAMS 0x0000000783000000, 0x0000000783000000| Untracked 
|  49|0x0000000783100000, 0x0000000783100000, 0x0000000783200000|  0%| F|  |TAMS 0x0000000783100000, 0x0000000783100000| Untracked 
|  50|0x0000000783200000, 0x0000000783200000, 0x0000000783300000|  0%| F|  |TAMS 0x0000000783200000, 0x0000000783200000| Untracked 
|  51|0x0000000783300000, 0x0000000783300000, 0x0000000783400000|  0%| F|  |TAMS 0x0000000783300000, 0x0000000783300000| Untracked 
|  52|0x0000000783400000, 0x0000000783400000, 0x0000000783500000|  0%| F|  |TAMS 0x0000000783400000, 0x0000000783400000| Untracked 
|  53|0x0000000783500000, 0x0000000783500000, 0x0000000783600000|  0%| F|  |TAMS 0x0000000783500000, 0x0000000783500000| Untracked 
|  54|0x0000000783600000, 0x0000000783600000, 0x0000000783700000|  0%| F|  |TAMS 0x0000000783600000, 0x0000000783600000| Untracked 
|  55|0x0000000783700000, 0x0000000783700000, 0x0000000783800000|  0%| F|  |TAMS 0x0000000783700000, 0x0000000783700000| Untracked 
|  56|0x0000000783800000, 0x0000000783800000, 0x0000000783900000|  0%| F|  |TAMS 0x0000000783800000, 0x0000000783800000| Untracked 
|  57|0x0000000783900000, 0x0000000783900000, 0x0000000783a00000|  0%| F|  |TAMS 0x0000000783900000, 0x0000000783900000| Untracked 
|  58|0x0000000783a00000, 0x0000000783a00000, 0x0000000783b00000|  0%| F|  |TAMS 0x0000000783a00000, 0x0000000783a00000| Untracked 
|  59|0x0000000783b00000, 0x0000000783b00000, 0x0000000783c00000|  0%| F|  |TAMS 0x0000000783b00000, 0x0000000783b00000| Untracked 
|  60|0x0000000783c00000, 0x0000000783c00000, 0x0000000783d00000|  0%| F|  |TAMS 0x0000000783c00000, 0x0000000783c00000| Untracked 
|  61|0x0000000783d00000, 0x0000000783d00000, 0x0000000783e00000|  0%| F|  |TAMS 0x0000000783d00000, 0x0000000783d00000| Untracked 
|  62|0x0000000783e00000, 0x0000000783e00000, 0x0000000783f00000|  0%| F|  |TAMS 0x0000000783e00000, 0x0000000783e00000| Untracked 
|  63|0x0000000783f00000, 0x0000000783f00000, 0x0000000784000000|  0%| F|  |TAMS 0x0000000783f00000, 0x0000000783f00000| Untracked 
|  64|0x0000000784000000, 0x0000000784000000, 0x0000000784100000|  0%| F|  |TAMS 0x0000000784000000, 0x0000000784000000| Untracked 
|  65|0x0000000784100000, 0x0000000784100000, 0x0000000784200000|  0%| F|  |TAMS 0x0000000784100000, 0x0000000784100000| Untracked 
|  66|0x0000000784200000, 0x0000000784200000, 0x0000000784300000|  0%| F|  |TAMS 0x0000000784200000, 0x0000000784200000| Untracked 
|  67|0x0000000784300000, 0x0000000784300000, 0x0000000784400000|  0%| F|  |TAMS 0x0000000784300000, 0x0000000784300000| Untracked 
|  68|0x0000000784400000, 0x0000000784400000, 0x0000000784500000|  0%| F|  |TAMS 0x0000000784400000, 0x0000000784400000| Untracked 
|  69|0x0000000784500000, 0x0000000784500000, 0x0000000784600000|  0%| F|  |TAMS 0x0000000784500000, 0x0000000784500000| Untracked 
|  70|0x0000000784600000, 0x0000000784600000, 0x0000000784700000|  0%| F|  |TAMS 0x0000000784600000, 0x0000000784600000| Untracked 
|  71|0x0000000784700000, 0x0000000784700000, 0x0000000784800000|  0%| F|  |TAMS 0x0000000784700000, 0x0000000784700000| Untracked 
|  72|0x0000000784800000, 0x0000000784800000, 0x0000000784900000|  0%| F|  |TAMS 0x0000000784800000, 0x0000000784800000| Untracked 
|  73|0x0000000784900000, 0x0000000784900000, 0x0000000784a00000|  0%| F|  |TAMS 0x0000000784900000, 0x0000000784900000| Untracked 
|  74|0x0000000784a00000, 0x0000000784a00000, 0x0000000784b00000|  0%| F|  |TAMS 0x0000000784a00000, 0x0000000784a00000| Untracked 
|  75|0x0000000784b00000, 0x0000000784b00000, 0x0000000784c00000|  0%| F|  |TAMS 0x0000000784b00000, 0x0000000784b00000| Untracked 
|  76|0x0000000784c00000, 0x0000000784c00000, 0x0000000784d00000|  0%| F|  |TAMS 0x0000000784c00000, 0x0000000784c00000| Untracked 
|  77|0x0000000784d00000, 0x0000000784d00000, 0x0000000784e00000|  0%| F|  |TAMS 0x0000000784d00000, 0x0000000784d00000| Untracked 
|  78|0x0000000784e00000, 0x0000000784e00000, 0x0000000784f00000|  0%| F|  |TAMS 0x0000000784e00000, 0x0000000784e00000| Untracked 
|  79|0x0000000784f00000, 0x0000000784f00000, 0x0000000785000000|  0%| F|  |TAMS 0x0000000784f00000, 0x0000000784f00000| Untracked 
|  80|0x0000000785000000, 0x0000000785000000, 0x0000000785100000|  0%| F|  |TAMS 0x0000000785000000, 0x0000000785000000| Untracked 
|  81|0x0000000785100000, 0x0000000785100000, 0x0000000785200000|  0%| F|  |TAMS 0x0000000785100000, 0x0000000785100000| Untracked 
|  82|0x0000000785200000, 0x0000000785200000, 0x0000000785300000|  0%| F|  |TAMS 0x0000000785200000, 0x0000000785200000| Untracked 
|  83|0x0000000785300000, 0x0000000785300000, 0x0000000785400000|  0%| F|  |TAMS 0x0000000785300000, 0x0000000785300000| Untracked 
|  84|0x0000000785400000, 0x0000000785400000, 0x0000000785500000|  0%| F|  |TAMS 0x0000000785400000, 0x0000000785400000| Untracked 
|  85|0x0000000785500000, 0x0000000785500000, 0x0000000785600000|  0%| F|  |TAMS 0x0000000785500000, 0x0000000785500000| Untracked 
|  86|0x0000000785600000, 0x0000000785600000, 0x0000000785700000|  0%| F|  |TAMS 0x0000000785600000, 0x0000000785600000| Untracked 
|  87|0x0000000785700000, 0x0000000785700000, 0x0000000785800000|  0%| F|  |TAMS 0x0000000785700000, 0x0000000785700000| Untracked 
|  88|0x0000000785800000, 0x0000000785800000, 0x0000000785900000|  0%| F|  |TAMS 0x0000000785800000, 0x0000000785800000| Untracked 
|  89|0x0000000785900000, 0x0000000785900000, 0x0000000785a00000|  0%| F|  |TAMS 0x0000000785900000, 0x0000000785900000| Untracked 
|  90|0x0000000785a00000, 0x0000000785a00000, 0x0000000785b00000|  0%| F|  |TAMS 0x0000000785a00000, 0x0000000785a00000| Untracked 
|  91|0x0000000785b00000, 0x0000000785b00000, 0x0000000785c00000|  0%| F|  |TAMS 0x0000000785b00000, 0x0000000785b00000| Untracked 
|  92|0x0000000785c00000, 0x0000000785c00000, 0x0000000785d00000|  0%| F|  |TAMS 0x0000000785c00000, 0x0000000785c00000| Untracked 
|  93|0x0000000785d00000, 0x0000000785d00000, 0x0000000785e00000|  0%| F|  |TAMS 0x0000000785d00000, 0x0000000785d00000| Untracked 
|  94|0x0000000785e00000, 0x0000000785e00000, 0x0000000785f00000|  0%| F|  |TAMS 0x0000000785e00000, 0x0000000785e00000| Untracked 
|  95|0x0000000785f00000, 0x0000000785f4bc90, 0x0000000786000000| 29%| S|CS|TAMS 0x0000000785f00000, 0x0000000785f00000| Complete 
|  96|0x0000000786000000, 0x0000000786100000, 0x0000000786100000|100%| S|CS|TAMS 0x0000000786000000, 0x0000000786000000| Complete 
|  97|0x0000000786100000, 0x0000000786200000, 0x0000000786200000|100%| S|CS|TAMS 0x0000000786100000, 0x0000000786100000| Complete 
|  98|0x0000000786200000, 0x0000000786300000, 0x0000000786300000|100%| S|CS|TAMS 0x0000000786200000, 0x0000000786200000| Complete 
|  99|0x0000000786300000, 0x0000000786400000, 0x0000000786400000|100%| S|CS|TAMS 0x0000000786300000, 0x0000000786300000| Complete 
| 100|0x0000000786400000, 0x0000000786500000, 0x0000000786500000|100%| S|CS|TAMS 0x0000000786400000, 0x0000000786400000| Complete 
| 101|0x0000000786500000, 0x0000000786600000, 0x0000000786600000|100%| S|CS|TAMS 0x0000000786500000, 0x0000000786500000| Complete 
| 102|0x0000000786600000, 0x0000000786700000, 0x0000000786700000|100%| S|CS|TAMS 0x0000000786600000, 0x0000000786600000| Complete 
| 103|0x0000000786700000, 0x0000000786800000, 0x0000000786800000|100%| S|CS|TAMS 0x0000000786700000, 0x0000000786700000| Complete 
| 104|0x0000000786800000, 0x0000000786800000, 0x0000000786900000|  0%| F|  |TAMS 0x0000000786800000, 0x0000000786800000| Untracked 
| 105|0x0000000786900000, 0x0000000786900000, 0x0000000786a00000|  0%| F|  |TAMS 0x0000000786900000, 0x0000000786900000| Untracked 
| 106|0x0000000786a00000, 0x0000000786a00000, 0x0000000786b00000|  0%| F|  |TAMS 0x0000000786a00000, 0x0000000786a00000| Untracked 
| 107|0x0000000786b00000, 0x0000000786b00000, 0x0000000786c00000|  0%| F|  |TAMS 0x0000000786b00000, 0x0000000786b00000| Untracked 
| 108|0x0000000786c00000, 0x0000000786c98808, 0x0000000786d00000| 59%| E|  |TAMS 0x0000000786c00000, 0x0000000786c00000| Complete 
| 109|0x0000000786d00000, 0x0000000786e00000, 0x0000000786e00000|100%| E|CS|TAMS 0x0000000786d00000, 0x0000000786d00000| Complete 
| 110|0x0000000786e00000, 0x0000000786f00000, 0x0000000786f00000|100%| E|CS|TAMS 0x0000000786e00000, 0x0000000786e00000| Complete 
| 111|0x0000000786f00000, 0x0000000787000000, 0x0000000787000000|100%| E|CS|TAMS 0x0000000786f00000, 0x0000000786f00000| Complete 
| 112|0x0000000787000000, 0x0000000787100000, 0x0000000787100000|100%| E|CS|TAMS 0x0000000787000000, 0x0000000787000000| Complete 
| 113|0x0000000787100000, 0x0000000787200000, 0x0000000787200000|100%| E|CS|TAMS 0x0000000787100000, 0x0000000787100000| Complete 
| 114|0x0000000787200000, 0x0000000787300000, 0x0000000787300000|100%| E|CS|TAMS 0x0000000787200000, 0x0000000787200000| Complete 
| 115|0x0000000787300000, 0x0000000787400000, 0x0000000787400000|100%| E|CS|TAMS 0x0000000787300000, 0x0000000787300000| Complete 
| 116|0x0000000787400000, 0x0000000787500000, 0x0000000787500000|100%| E|CS|TAMS 0x0000000787400000, 0x0000000787400000| Complete 
| 117|0x0000000787500000, 0x0000000787600000, 0x0000000787600000|100%| E|CS|TAMS 0x0000000787500000, 0x0000000787500000| Complete 
| 118|0x0000000787600000, 0x0000000787700000, 0x0000000787700000|100%| E|CS|TAMS 0x0000000787600000, 0x0000000787600000| Complete 
| 119|0x0000000787700000, 0x0000000787800000, 0x0000000787800000|100%| E|CS|TAMS 0x0000000787700000, 0x0000000787700000| Complete 
| 120|0x0000000787800000, 0x0000000787900000, 0x0000000787900000|100%| E|CS|TAMS 0x0000000787800000, 0x0000000787800000| Complete 
| 121|0x0000000787900000, 0x0000000787a00000, 0x0000000787a00000|100%| E|CS|TAMS 0x0000000787900000, 0x0000000787900000| Complete 
| 122|0x0000000787a00000, 0x0000000787b00000, 0x0000000787b00000|100%| E|CS|TAMS 0x0000000787a00000, 0x0000000787a00000| Complete 
| 123|0x0000000787b00000, 0x0000000787c00000, 0x0000000787c00000|100%| E|CS|TAMS 0x0000000787b00000, 0x0000000787b00000| Complete 
| 124|0x0000000787c00000, 0x0000000787d00000, 0x0000000787d00000|100%| E|CS|TAMS 0x0000000787c00000, 0x0000000787c00000| Complete 
| 125|0x0000000787d00000, 0x0000000787e00000, 0x0000000787e00000|100%| E|CS|TAMS 0x0000000787d00000, 0x0000000787d00000| Complete 
| 126|0x0000000787e00000, 0x0000000787f00000, 0x0000000787f00000|100%| E|CS|TAMS 0x0000000787e00000, 0x0000000787e00000| Complete 
| 127|0x0000000787f00000, 0x0000000788000000, 0x0000000788000000|100%| E|CS|TAMS 0x0000000787f00000, 0x0000000787f00000| Complete 

Card table byte_map: [0x00000001053f8000,0x00000001057f8000] _byte_map_base: 0x00000001017f8000

Marking Bits (Prev, Next): (CMBitMap*) 0x00007fb5f1817c18, (CMBitMap*) 0x00007fb5f1817c50
 Prev Bits: [0x0000000105bf8000, 0x0000000107bf8000)
 Next Bits: [0x0000000107bf8000, 0x0000000109bf8000)

Polling page: 0x00000001027f9000

Metaspace:

Usage:
  Non-class:     33.67 MB capacity,    32.86 MB ( 98%) used,   685.69 KB (  2%) free+waste,   143.56 KB ( <1%) overhead. 
      Class:      5.47 MB capacity,     4.88 MB ( 89%) used,   529.52 KB (  9%) free+waste,    72.50 KB (  1%) overhead. 
       Both:     39.14 MB capacity,    37.74 MB ( 96%) used,     1.19 MB (  3%) free+waste,   216.06 KB ( <1%) overhead. 

Virtual space:
  Non-class space:       34.00 MB reserved,      33.92 MB (>99%) committed 
      Class space:        1.00 GB reserved,       5.50 MB ( <1%) committed 
             Both:        1.03 GB reserved,      39.42 MB (  4%) committed 

Chunk freelists:
   Non-Class:  1.75 KB
       Class:  0 bytes
        Both:  1.75 KB

CodeHeap 'non-profiled nmethods': size=120032Kb used=2326Kb max_used=2326Kb free=117705Kb
 bounds [0x000000011b2cf000, 0x000000011b53f000, 0x0000000122807000]
CodeHeap 'profiled nmethods': size=120028Kb used=9947Kb max_used=9947Kb free=110080Kb
 bounds [0x0000000113d98000, 0x0000000114758000, 0x000000011b2cf000]
CodeHeap 'non-nmethods': size=5700Kb used=1366Kb max_used=1392Kb free=4334Kb
 bounds [0x0000000113807000, 0x0000000113a77000, 0x0000000113d98000]
 total_blobs=6679 nmethods=4933 adapters=733
 compilation: enabled
              stopped_count=0, restarted_count=0
 full_count=0

Compilation events (10 events):
Event: 9.090 Thread 0x00007fb5ef00e000 4950       3       javafx.beans.value.WeakChangeListener::changed (38 bytes)
Event: 9.091 Thread 0x00007fb5ef00e000 nmethod 4950 0x000000011474ad10 code [0x000000011474af00, 0x000000011474b468]
Event: 9.095 Thread 0x00007fb5ef00e000 4951       3       jdk.internal.org.objectweb.asm.Type::getArgumentsAndReturnSizes (151 bytes)
Event: 9.097 Thread 0x00007fb5ef00e000 nmethod 4951 0x000000011474b610 code [0x000000011474b9a0, 0x000000011474d3d8]
Event: 9.098 Thread 0x00007fb5ef00e000 4952       3       com.sun.javafx.scene.control.LambdaMultiplePropertyChangeListenerHandler$$Lambda$283/0x000000080044c840::changed (11 bytes)
Event: 9.098 Thread 0x00007fb5ef00e000 nmethod 4952 0x000000011474dd10 code [0x000000011474df00, 0x000000011474e398]
Event: 9.098 Thread 0x00007fb5ef00e000 4953       3       com.sun.javafx.scene.control.LambdaMultiplePropertyChangeListenerHandler::lambda$new$1 (23 bytes)
Event: 9.098 Thread 0x00007fb5ef00e000 nmethod 4953 0x000000011474e510 code [0x000000011474e700, 0x000000011474eb38]
Event: 9.101 Thread 0x00007fb5ef00e000 4954       3       com.sun.glass.ui.Application::GetApplication (4 bytes)
Event: 9.101 Thread 0x00007fb5ef00e000 nmethod 4954 0x000000011474ec90 code [0x000000011474ee40, 0x000000011474ef90]

GC Heap History (8 events):
Event: 0.599 GC heap before
{Heap before GC invocations=0 (full 0):
 garbage-first heap   total 131072K, used 23552K [0x0000000780000000, 0x0000000800000000)
  region size 1024K, 24 young (24576K), 0 survivors (0K)
 Metaspace       used 12792K, capacity 13042K, committed 13440K, reserved 1060864K
  class space    used 1323K, capacity 1389K, committed 1408K, reserved 1048576K
}
Event: 0.604 GC heap after
{Heap after GC invocations=1 (full 0):
 garbage-first heap   total 131072K, used 3392K [0x0000000780000000, 0x0000000800000000)
  region size 1024K, 3 young (3072K), 3 survivors (3072K)
 Metaspace       used 12792K, capacity 13042K, committed 13440K, reserved 1060864K
  class space    used 1323K, capacity 1389K, committed 1408K, reserved 1048576K
}
Event: 1.331 GC heap before
{Heap before GC invocations=1 (full 0):
 garbage-first heap   total 131072K, used 47424K [0x0000000780000000, 0x0000000800000000)
  region size 1024K, 47 young (48128K), 3 survivors (3072K)
 Metaspace       used 20527K, capacity 20797K, committed 21296K, reserved 1069056K
  class space    used 2221K, capacity 2318K, committed 2432K, reserved 1048576K
}
Event: 1.343 GC heap after
{Heap after GC invocations=2 (full 0):
 garbage-first heap   total 131072K, used 6608K [0x0000000780000000, 0x0000000800000000)
  region size 1024K, 7 young (7168K), 7 survivors (7168K)
 Metaspace       used 20527K, capacity 20797K, committed 21296K, reserved 1069056K
  class space    used 2221K, capacity 2318K, committed 2432K, reserved 1048576K
}
Event: 2.270 GC heap before
{Heap before GC invocations=3 (full 0):
 garbage-first heap   total 131072K, used 60880K [0x0000000780000000, 0x0000000800000000)
  region size 1024K, 61 young (62464K), 7 survivors (7168K)
 Metaspace       used 28067K, capacity 28836K, committed 29104K, reserved 1075200K
  class space    used 3192K, capacity 3481K, committed 3584K, reserved 1048576K
}
Event: 2.280 GC heap after
{Heap after GC invocations=4 (full 0):
 garbage-first heap   total 131072K, used 11414K [0x0000000780000000, 0x0000000800000000)
  region size 1024K, 8 young (8192K), 8 survivors (8192K)
 Metaspace       used 28067K, capacity 28836K, committed 29104K, reserved 1075200K
  class space    used 3192K, capacity 3481K, committed 3584K, reserved 1048576K
}
Event: 2.973 GC heap before
{Heap before GC invocations=4 (full 0):
 garbage-first heap   total 131072K, used 34966K [0x0000000780000000, 0x0000000800000000)
  region size 1024K, 32 young (32768K), 8 survivors (8192K)
 Metaspace       used 34591K, capacity 35776K, committed 35920K, reserved 1081344K
  class space    used 4378K, capacity 4841K, committed 4864K, reserved 1048576K
}
Event: 2.983 GC heap after
{Heap after GC invocations=5 (full 0):
 garbage-first heap   total 131072K, used 14783K [0x0000000780000000, 0x0000000800000000)
  region size 1024K, 9 young (9216K), 9 survivors (9216K)
 Metaspace       used 34591K, capacity 35776K, committed 35920K, reserved 1081344K
  class space    used 4378K, capacity 4841K, committed 4864K, reserved 1048576K
}

Deoptimization events (10 events):
Event: 7.922 Thread 0x00007fb5f1449000 Uncommon trap: reason=array_check action=maybe_recompile pc=0x000000011b49044c method=javafx.css.SimpleSelector.applies(Ljavafx/css/Styleable;[Ljava/util/Set;I)Z @ 37 c2
Event: 7.922 Thread 0x00007fb5f1449000 Uncommon trap: reason=array_check action=maybe_recompile pc=0x000000011b493198 method=javafx.css.SimpleSelector.applies(Ljavafx/css/Styleable;[Ljava/util/Set;I)Z @ 37 c2
Event: 7.922 Thread 0x00007fb5f1449000 Uncommon trap: reason=array_check action=maybe_recompile pc=0x000000011b49044c method=javafx.css.SimpleSelector.applies(Ljavafx/css/Styleable;[Ljava/util/Set;I)Z @ 37 c2
Event: 7.922 Thread 0x00007fb5f1449000 Uncommon trap: reason=array_check action=maybe_recompile pc=0x000000011b49044c method=javafx.css.SimpleSelector.applies(Ljavafx/css/Styleable;[Ljava/util/Set;I)Z @ 37 c2
Event: 7.922 Thread 0x00007fb5f1449000 Uncommon trap: reason=array_check action=maybe_recompile pc=0x000000011b493198 method=javafx.css.SimpleSelector.applies(Ljavafx/css/Styleable;[Ljava/util/Set;I)Z @ 37 c2
Event: 7.948 Thread 0x00007fb5f1449000 Uncommon trap: reason=unstable_if action=reinterpret pc=0x000000011b4a7124 method=com.sun.javafx.css.StyleManager$CacheContainer.getStyleMap(I)Lcom/sun/javafx/css/StyleMap; @ 9 c2
Event: 7.948 Thread 0x00007fb5f1449000 Uncommon trap: reason=unstable_if action=reinterpret pc=0x000000011b4a5b80 method=com.sun.javafx.css.StyleManager$CacheContainer.getStyleMap(I)Lcom/sun/javafx/css/StyleMap; @ 9 c2
Event: 7.948 Thread 0x00007fb5f1449000 Uncommon trap: reason=unstable_if action=reinterpret pc=0x000000011b493934 method=com.sun.javafx.css.StyleManager$CacheContainer.getStyleMap(I)Lcom/sun/javafx/css/StyleMap; @ 9 c2
Event: 7.966 Thread 0x00007fb5f1449000 Uncommon trap: reason=unstable_if action=reinterpret pc=0x000000011b3f99d4 method=jdk.internal.org.objectweb.asm.Type.getArgumentsAndReturnSizes(Ljava/lang/String;)I @ 47 c2
Event: 7.966 Thread 0x00007fb5f1449000 Uncommon trap: reason=unstable_if action=reinterpret pc=0x000000011b40b904 method=jdk.internal.org.objectweb.asm.Type.getArgumentsAndReturnSizes(Ljava/lang/String;)I @ 47 c2

Classes redefined (0 events):
No events

Internal exceptions (10 events):
Event: 2.658 Thread 0x00007fb5f1449000 Exception <a 'java/lang/NoSuchMethodError'{0x0000000786f2a498}: java.lang.invoke.DirectMethodHandle$Holder.invokeInterface(Ljava/lang/Object;Ljava/lang/Object;Ljava/lang/Object;)Ljava/lang/Object;> (0x0000000786f2a498) thrown at [/scratch/mesos/slaves/07f
Event: 2.658 Thread 0x00007fb5f1449000 Exception <a 'java/lang/IncompatibleClassChangeError'{0x0000000786f2d650}: Found class java.lang.Object, but interface was expected> (0x0000000786f2d650) thrown at [/scratch/mesos/slaves/07fc96ef-bf4d-487f-b22f-a84e49f5f44a-S27799/frameworks/1735e8a2-a1db
Event: 2.895 Thread 0x00007fb5f1449000 Exception <a 'java/lang/NoSuchMethodError'{0x0000000786c6a770}: java.lang.invoke.Invokers$Holder.linkToTargetMethod(Ljava/lang/Object;ILjava/lang/Object;)Ljava/lang/Object;> (0x0000000786c6a770) thrown at [/scratch/mesos/slaves/07fc96ef-bf4d-487f-b22f-a84
Event: 3.391 Thread 0x00007fb5f1449000 Implicit null exception at 0x000000011b4a8dfa to 0x000000011b4aab1e
Event: 3.474 Thread 0x00007fb5f0b42000 Exception <a 'java/lang/NoSuchMethodError'{0x000000078707ea60}: java.lang.invoke.DirectMethodHandle$Holder.invokeStaticInit(Ljava/lang/Object;I)Ljava/lang/Object;> (0x000000078707ea60) thrown at [/scratch/mesos/slaves/07fc96ef-bf4d-487f-b22f-a84e49f5f44a-
Event: 7.059 Thread 0x00007fb5f1449000 Exception <a 'java/lang/NoSuchMethodError'{0x0000000786fd2a30}: java.lang.invoke.DirectMethodHandle$Holder.invokeStatic(Ljava/lang/Object;Ljava/lang/Object;JIII)Ljava/lang/Object;> (0x0000000786fd2a30) thrown at [/scratch/mesos/slaves/07fc96ef-bf4d-487f-b
Event: 7.060 Thread 0x00007fb5f1449000 Exception <a 'java/lang/NoSuchMethodError'{0x0000000786fe6680}: java.lang.invoke.DirectMethodHandle$Holder.invokeStatic(Ljava/lang/Object;Ljava/lang/Object;ILjava/lang/Object;JIIII)Ljava/lang/Object;> (0x0000000786fe6680) thrown at [/scratch/mesos/slaves/
Event: 7.966 Thread 0x00007fb5f1449000 Exception <a 'java/lang/NoSuchMethodError'{0x0000000786d8a098}: java.lang.invoke.DirectMethodHandle$Holder.invokeStaticInit(Ljava/lang/Object;Ljava/lang/Object;Ljava/lang/Object;)J> (0x0000000786d8a098) thrown at [/scratch/mesos/slaves/07fc96ef-bf4d-487f-
Event: 7.968 Thread 0x00007fb5f1449000 Exception <a 'java/lang/NoSuchMethodError'{0x0000000786da26d8}: java.lang.invoke.DirectMethodHandle$Holder.invokeStatic(Ljava/lang/Object;Ljava/lang/Object;J)Ljava/lang/Object;> (0x0000000786da26d8) thrown at [/scratch/mesos/slaves/07fc96ef-bf4d-487f-b22f
Event: 7.968 Thread 0x00007fb5f1449000 Exception <a 'java/lang/NoSuchMethodError'{0x0000000786da8850}: java.lang.invoke.Invokers$Holder.linkToTargetMethod(Ljava/lang/Object;JLjava/lang/Object;)Ljava/lang/Object;> (0x0000000786da8850) thrown at [/scratch/mesos/slaves/07fc96ef-bf4d-487f-b22f-a84

Events (10 events):
Event: 9.100 loading class com/sun/glass/ui/CommonDialogs$ExtensionFilter
Event: 9.100 loading class com/sun/glass/ui/CommonDialogs$ExtensionFilter done
Event: 9.100 loading class com/sun/glass/ui/CommonDialogs
Event: 9.100 loading class com/sun/glass/ui/CommonDialogs done
Event: 9.101 loading class com/sun/glass/ui/mac/MacCommonDialogs
Event: 9.101 loading class com/sun/glass/ui/mac/MacCommonDialogs done
Event: 9.101 loading class com/sun/glass/ui/EventLoop
Event: 9.101 loading class com/sun/glass/ui/EventLoop done
Event: 9.101 loading class com/sun/glass/ui/CommonDialogs$FileChooserResult
Event: 9.101 loading class com/sun/glass/ui/CommonDialogs$FileChooserResult done


Dynamic libraries:
0x00007fff47cb9000 	/System/Library/Frameworks/Cocoa.framework/Versions/A/Cocoa
0x00007fff5399b000 	/System/Library/Frameworks/Security.framework/Versions/A/Security
0x00007fff4694e000 	/System/Library/Frameworks/ApplicationServices.framework/Versions/A/ApplicationServices
0x00007fff73fe7000 	/usr/lib/libz.1.dylib
0x00007fff71717000 	/usr/lib/libSystem.B.dylib
0x00007fff484a1000 	/System/Library/Frameworks/CoreFoundation.framework/Versions/A/CoreFoundation
0x00007fff4a715000 	/System/Library/Frameworks/Foundation.framework/Versions/C/Foundation
0x00007fff73111000 	/usr/lib/libobjc.A.dylib
0x00007fff45b47000 	/System/Library/Frameworks/AppKit.framework/Versions/C/AppKit
0x00007fff48034000 	/System/Library/Frameworks/CoreData.framework/Versions/A/CoreData
0x00007fff6b266000 	/System/Library/PrivateFrameworks/RemoteViewServices.framework/Versions/A/RemoteViewServices
0x00007fff6f45a000 	/System/Library/PrivateFrameworks/UIFoundation.framework/Versions/A/UIFoundation
0x00007fff70b3c000 	/System/Library/PrivateFrameworks/XCTTargetBootstrap.framework/Versions/A/XCTTargetBootstrap
0x00007fff6609f000 	/System/Library/PrivateFrameworks/IconServices.framework/Versions/A/IconServices
0x00007fff4d02e000 	/System/Library/Frameworks/Metal.framework/Versions/A/Metal
0x00007fff5d62a000 	/System/Library/PrivateFrameworks/DesktopServicesPriv.framework/Versions/A/DesktopServicesPriv
0x00007fff72477000 	/usr/lib/libenergytrace.dylib
0x00007fff6d949000 	/System/Library/PrivateFrameworks/SkyLight.framework/Versions/A/SkyLight
0x00007fff488e6000 	/System/Library/Frameworks/CoreGraphics.framework/Versions/A/CoreGraphics
0x00007fff44913000 	/System/Library/Frameworks/Accelerate.framework/Versions/A/Accelerate
0x00007fff4ae5b000 	/System/Library/Frameworks/IOSurface.framework/Versions/A/IOSurface
0x00007fff5d496000 	/System/Library/PrivateFrameworks/DFRFoundation.framework/Versions/A/DFRFoundation
0x00007fff46e31000 	/System/Library/Frameworks/AudioToolbox.framework/Versions/A/AudioToolbox
0x00007fff470aa000 	/System/Library/Frameworks/AudioUnit.framework/Versions/A/AudioUnit
0x00007fff5d52b000 	/System/Library/PrivateFrameworks/DataDetectorsCore.framework/Versions/A/DataDetectorsCore
0x00007fff477bd000 	/System/Library/Frameworks/Carbon.framework/Versions/A/Frameworks/HIToolbox.framework/Versions/A/HIToolbox
0x00007fff725d0000 	/usr/lib/libicucore.A.dylib
0x00007fff52f12000 	/System/Library/Frameworks/QuartzCore.framework/Versions/A/QuartzCore
0x00007fff47b91000 	/System/Library/Frameworks/Carbon.framework/Versions/A/Frameworks/SpeechRecognition.framework/Versions/A/SpeechRecognition
0x00007fff7186b000 	/usr/lib/libauto.dylib
0x00007fff73edb000 	/usr/lib/libxml2.2.dylib
0x00007fff5d076000 	/System/Library/PrivateFrameworks/CoreUI.framework/Versions/A/CoreUI
0x00007fff47f1f000 	/System/Library/Frameworks/CoreAudio.framework/Versions/A/CoreAudio
0x00007fff4a551000 	/System/Library/Frameworks/DiskArbitration.framework/Versions/A/DiskArbitration
0x00007fff7287d000 	/usr/lib/liblangid.dylib
0x00007fff6749e000 	/System/Library/PrivateFrameworks/MultitouchSupport.framework/Versions/A/MultitouchSupport
0x00007fff4adca000 	/System/Library/Frameworks/IOKit.framework/Versions/A/IOKit
0x00007fff712d8000 	/usr/lib/libDiagnosticMessagesClient.dylib
0x00007fff496f2000 	/System/Library/Frameworks/CoreServices.framework/Versions/A/CoreServices
0x00007fff69074000 	/System/Library/PrivateFrameworks/PerformanceAnalysis.framework/Versions/A/PerformanceAnalysis
0x00007fff52102000 	/System/Library/Frameworks/OpenGL.framework/Versions/A/OpenGL
0x00007fff47cc7000 	/System/Library/Frameworks/ColorSync.framework/Versions/A/ColorSync
0x00007fff48f77000 	/System/Library/Frameworks/CoreImage.framework/Versions/A/CoreImage
0x00007fff4a0cb000 	/System/Library/Frameworks/CoreText.framework/Versions/A/CoreText
0x00007fff4aebe000 	/System/Library/Frameworks/ImageIO.framework/Versions/A/ImageIO
0x00007fff596d4000 	/System/Library/PrivateFrameworks/Backup.framework/Versions/A/Backup
0x00007fff717be000 	/usr/lib/libarchive.2.dylib
0x00007fff47402000 	/System/Library/Frameworks/CFNetwork.framework/Versions/A/CFNetwork
0x00007fff540f4000 	/System/Library/Frameworks/SystemConfiguration.framework/Versions/A/SystemConfiguration
0x00007fff71209000 	/usr/lib/libCRFSuite.dylib
0x00007fff7195a000 	/usr/lib/libc++.1.dylib
0x00007fff719ae000 	/usr/lib/libc++abi.dylib
0x00007fff747d6000 	/usr/lib/system/libcache.dylib
0x00007fff747db000 	/usr/lib/system/libcommonCrypto.dylib
0x00007fff747e6000 	/usr/lib/system/libcompiler_rt.dylib
0x00007fff747ee000 	/usr/lib/system/libcopyfile.dylib
0x00007fff747f8000 	/usr/lib/system/libcorecrypto.dylib
0x00007fff74903000 	/usr/lib/system/libdispatch.dylib
0x00007fff7493d000 	/usr/lib/system/libdyld.dylib
0x00007fff7496a000 	/usr/lib/system/libkeymgr.dylib
0x00007fff74978000 	/usr/lib/system/liblaunch.dylib
0x00007fff74979000 	/usr/lib/system/libmacho.dylib
0x00007fff7497f000 	/usr/lib/system/libquarantine.dylib
0x00007fff74982000 	/usr/lib/system/libremovefile.dylib
0x00007fff74984000 	/usr/lib/system/libsystem_asl.dylib
0x00007fff7499c000 	/usr/lib/system/libsystem_blocks.dylib
0x00007fff7499d000 	/usr/lib/system/libsystem_c.dylib
0x00007fff74a25000 	/usr/lib/system/libsystem_configuration.dylib
0x00007fff74a29000 	/usr/lib/system/libsystem_coreservices.dylib
0x00007fff74a2d000 	/usr/lib/system/libsystem_darwin.dylib
0x00007fff74a34000 	/usr/lib/system/libsystem_dnssd.dylib
0x00007fff74a3b000 	/usr/lib/system/libsystem_info.dylib
0x00007fff74ab0000 	/usr/lib/system/libsystem_m.dylib
0x00007fff74afc000 	/usr/lib/system/libsystem_malloc.dylib
0x00007fff74b21000 	/usr/lib/system/libsystem_networkextension.dylib
0x00007fff74b2c000 	/usr/lib/system/libsystem_notify.dylib
0x00007fff74b49000 	/usr/lib/system/libsystem_sandbox.dylib
0x00007fff74b4d000 	/usr/lib/system/libsystem_secinit.dylib
0x00007fff74a87000 	/usr/lib/system/libsystem_kernel.dylib
0x00007fff74b34000 	/usr/lib/system/libsystem_platform.dylib
0x00007fff74b3e000 	/usr/lib/system/libsystem_pthread.dylib
0x00007fff74b50000 	/usr/lib/system/libsystem_symptoms.dylib
0x00007fff74b58000 	/usr/lib/system/libsystem_trace.dylib
0x00007fff74b6f000 	/usr/lib/system/libunwind.dylib
0x00007fff74b75000 	/usr/lib/system/libxpc.dylib
0x00007fff7193b000 	/usr/lib/libbsm.0.dylib
0x00007fff7496b000 	/usr/lib/system/libkxld.dylib
0x00007fff5891a000 	/System/Library/PrivateFrameworks/AppleFSCompression.framework/Versions/A/AppleFSCompression
0x00007fff715d7000 	/usr/lib/libOpenScriptingUtil.dylib
0x00007fff71c63000 	/usr/lib/libcoretls.dylib
0x00007fff71c7a000 	/usr/lib/libcoretls_cfhelpers.dylib
0x00007fff738a8000 	/usr/lib/libpam.2.dylib
0x00007fff73a68000 	/usr/lib/libsqlite3.dylib
0x00007fff73ec9000 	/usr/lib/libxar.1.dylib
0x00007fff7194c000 	/usr/lib/libbz2.1.0.dylib
0x00007fff7287f000 	/usr/lib/liblzma.5.dylib
0x00007fff72d30000 	/usr/lib/libnetwork.dylib
0x00007fff717a7000 	/usr/lib/libapple_nghttp2.dylib
0x00007fff738af000 	/usr/lib/libpcap.A.dylib
0x00007fff49a91000 	/System/Library/Frameworks/CoreServices.framework/Versions/A/Frameworks/FSEvents.framework/Versions/A/FSEvents
0x00007fff49770000 	/System/Library/Frameworks/CoreServices.framework/Versions/A/Frameworks/CarbonCore.framework/Versions/A/CarbonCore
0x00007fff49c4d000 	/System/Library/Frameworks/CoreServices.framework/Versions/A/Frameworks/Metadata.framework/Versions/A/Metadata
0x00007fff49cec000 	/System/Library/Frameworks/CoreServices.framework/Versions/A/Frameworks/OSServices.framework/Versions/A/OSServices
0x00007fff49d37000 	/System/Library/Frameworks/CoreServices.framework/Versions/A/Frameworks/SearchKit.framework/Versions/A/SearchKit
0x00007fff496f3000 	/System/Library/Frameworks/CoreServices.framework/Versions/A/Frameworks/AE.framework/Versions/A/AE
0x00007fff49a9a000 	/System/Library/Frameworks/CoreServices.framework/Versions/A/Frameworks/LaunchServices.framework/Versions/A/LaunchServices
0x00007fff49a48000 	/System/Library/Frameworks/CoreServices.framework/Versions/A/Frameworks/DictionaryServices.framework/Versions/A/DictionaryServices
0x00007fff49d9f000 	/System/Library/Frameworks/CoreServices.framework/Versions/A/Frameworks/SharedFileList.framework/Versions/A/SharedFileList
0x00007fff4e0dd000 	/System/Library/Frameworks/NetFS.framework/Versions/A/NetFS
0x00007fff67704000 	/System/Library/PrivateFrameworks/NetAuth.framework/Versions/A/NetAuth
0x00007fff70f40000 	/System/Library/PrivateFrameworks/login.framework/Versions/A/Frameworks/loginsupport.framework/Versions/A/loginsupport
0x00007fff6f063000 	/System/Library/PrivateFrameworks/TCC.framework/Versions/A/TCC
0x00007fff5c6d5000 	/System/Library/PrivateFrameworks/CoreNLP.framework/Versions/A/CoreNLP
0x00007fff6719e000 	/System/Library/PrivateFrameworks/MetadataUtilities.framework/Versions/A/MetadataUtilities
0x00007fff72954000 	/usr/lib/libmecabra.dylib
0x00007fff4694f000 	/System/Library/Frameworks/ApplicationServices.framework/Versions/A/Frameworks/ATS.framework/Versions/A/ATS
0x00007fff46c9e000 	/System/Library/Frameworks/ApplicationServices.framework/Versions/A/Frameworks/ColorSyncLegacy.framework/Versions/A/ColorSyncLegacy
0x00007fff46d3d000 	/System/Library/Frameworks/ApplicationServices.framework/Versions/A/Frameworks/HIServices.framework/Versions/A/HIServices
0x00007fff46d90000 	/System/Library/Frameworks/ApplicationServices.framework/Versions/A/Frameworks/LangAnalysis.framework/Versions/A/LangAnalysis
0x00007fff46da0000 	/System/Library/Frameworks/ApplicationServices.framework/Versions/A/Frameworks/PrintCore.framework/Versions/A/PrintCore
0x00007fff46dea000 	/System/Library/Frameworks/ApplicationServices.framework/Versions/A/Frameworks/QD.framework/Versions/A/QD
0x00007fff46e24000 	/System/Library/Frameworks/ApplicationServices.framework/Versions/A/Frameworks/SpeechSynthesis.framework/Versions/A/SpeechSynthesis
0x00007fff719d6000 	/usr/lib/libcompression.dylib
0x00007fff483b9000 	/System/Library/Frameworks/CoreDisplay.framework/Versions/A/CoreDisplay
0x00007fff4d2e5000 	/System/Library/Frameworks/MetalPerformanceShaders.framework/Versions/A/MetalPerformanceShaders
0x00007fff4492b000 	/System/Library/Frameworks/Accelerate.framework/Versions/A/Frameworks/vImage.framework/Versions/A/vImage
0x00007fff459a5000 	/System/Library/Frameworks/Accelerate.framework/Versions/A/Frameworks/vecLib.framework/Versions/A/vecLib
0x00007fff458f1000 	/System/Library/Frameworks/Accelerate.framework/Versions/A/Frameworks/vecLib.framework/Versions/A/libvMisc.dylib
0x00007fff45709000 	/System/Library/Frameworks/Accelerate.framework/Versions/A/Frameworks/vecLib.framework/Versions/A/libvDSP.dylib
0x00007fff44fc5000 	/System/Library/Frameworks/Accelerate.framework/Versions/A/Frameworks/vecLib.framework/Versions/A/libBLAS.dylib
0x00007fff452b2000 	/System/Library/Frameworks/Accelerate.framework/Versions/A/Frameworks/vecLib.framework/Versions/A/libLAPACK.dylib
0x00007fff4565c000 	/System/Library/Frameworks/Accelerate.framework/Versions/A/Frameworks/vecLib.framework/Versions/A/libLinearAlgebra.dylib
0x00007fff456f5000 	/System/Library/Frameworks/Accelerate.framework/Versions/A/Frameworks/vecLib.framework/Versions/A/libSparseBLAS.dylib
0x00007fff45672000 	/System/Library/Frameworks/Accelerate.framework/Versions/A/Frameworks/vecLib.framework/Versions/A/libQuadrature.dylib
0x00007fff4523f000 	/System/Library/Frameworks/Accelerate.framework/Versions/A/Frameworks/vecLib.framework/Versions/A/libBNNS.dylib
0x00007fff45678000 	/System/Library/Frameworks/Accelerate.framework/Versions/A/Frameworks/vecLib.framework/Versions/A/libSparse.dylib
0x00007fff63a10000 	/System/Library/PrivateFrameworks/GPUWrangler.framework/Versions/A/GPUWrangler
0x00007fff65cd4000 	/System/Library/PrivateFrameworks/IOAccelerator.framework/Versions/A/IOAccelerator
0x00007fff65cdf000 	/System/Library/PrivateFrameworks/IOPresentment.framework/Versions/A/IOPresentment
0x00007fff5d4a6000 	/System/Library/PrivateFrameworks/DSExternalDisplay.framework/Versions/A/DSExternalDisplay
0x00007fff51559000 	/System/Library/Frameworks/OpenGL.framework/Versions/A/Libraries/libCoreFSCache.dylib
0x00007fff4d0d9000 	/System/Library/Frameworks/MetalPerformanceShaders.framework/Frameworks/MPSCore.framework/Versions/A/MPSCore
0x00007fff4d0f9000 	/System/Library/Frameworks/MetalPerformanceShaders.framework/Frameworks/MPSImage.framework/Versions/A/MPSImage
0x00007fff4d19e000 	/System/Library/Frameworks/MetalPerformanceShaders.framework/Frameworks/MPSNeuralNetwork.framework/Versions/A/MPSNeuralNetwork
0x00007fff4d176000 	/System/Library/Frameworks/MetalPerformanceShaders.framework/Frameworks/MPSMatrix.framework/Versions/A/MPSMatrix
0x00007fff4d2ca000 	/System/Library/Frameworks/MetalPerformanceShaders.framework/Frameworks/MPSRayIntersector.framework/Versions/A/MPSRayIntersector
0x00007fff671c7000 	/System/Library/PrivateFrameworks/MetalTools.framework/Versions/A/MetalTools
0x00007fff5801b000 	/System/Library/PrivateFrameworks/AggregateDictionary.framework/Versions/A/AggregateDictionary
0x00007fff715b8000 	/usr/lib/libMobileGestalt.dylib
0x00007fff4a22e000 	/System/Library/Frameworks/CoreVideo.framework/Versions/A/CoreVideo
0x00007fff6481a000 	/System/Library/PrivateFrameworks/GraphVisualizer.framework/Versions/A/GraphVisualizer
0x00007fff5e6a0000 	/System/Library/PrivateFrameworks/FaceCore.framework/Versions/A/FaceCore
0x00007fff50b87000 	/System/Library/Frameworks/OpenCL.framework/Versions/A/OpenCL
0x00007fff71310000 	/usr/lib/libFosl_dynamic.dylib
0x00007fff67f6f000 	/System/Library/PrivateFrameworks/OTSVG.framework/Versions/A/OTSVG
0x00007fff46a53000 	/System/Library/Frameworks/ApplicationServices.framework/Versions/A/Frameworks/ATS.framework/Versions/A/Resources/libFontParser.dylib
0x00007fff46b6b000 	/System/Library/Frameworks/ApplicationServices.framework/Versions/A/Frameworks/ATS.framework/Versions/A/Resources/libFontRegistry.dylib
0x00007fff4b12c000 	/System/Library/Frameworks/ImageIO.framework/Versions/A/Resources/libJPEG.dylib
0x00007fff4b43e000 	/System/Library/Frameworks/ImageIO.framework/Versions/A/Resources/libTIFF.dylib
0x00007fff4b414000 	/System/Library/Frameworks/ImageIO.framework/Versions/A/Resources/libPng.dylib
0x00007fff4b04a000 	/System/Library/Frameworks/ImageIO.framework/Versions/A/Resources/libGIF.dylib
0x00007fff4b04f000 	/System/Library/Frameworks/ImageIO.framework/Versions/A/Resources/libJP2.dylib
0x00007fff4b43b000 	/System/Library/Frameworks/ImageIO.framework/Versions/A/Resources/libRadiance.dylib
0x00007fff58a6f000 	/System/Library/PrivateFrameworks/AppleJPEG.framework/Versions/A/AppleJPEG
0x00007fff51564000 	/System/Library/Frameworks/OpenGL.framework/Versions/A/Libraries/libGFXShared.dylib
0x00007fff51727000 	/System/Library/Frameworks/OpenGL.framework/Versions/A/Libraries/libGLU.dylib
0x00007fff5156d000 	/System/Library/Frameworks/OpenGL.framework/Versions/A/Libraries/libGL.dylib
0x00007fff51579000 	/System/Library/Frameworks/OpenGL.framework/Versions/A/Libraries/libGLImage.dylib
0x00007fff51556000 	/System/Library/Frameworks/OpenGL.framework/Versions/A/Libraries/libCVMSPluginSupport.dylib
0x00007fff5155f000 	/System/Library/Frameworks/OpenGL.framework/Versions/A/Libraries/libCoreVMClient.dylib
0x00007fff722ed000 	/usr/lib/libcups.2.dylib
0x00007fff4c601000 	/System/Library/Frameworks/Kerberos.framework/Versions/A/Kerberos
0x00007fff4ab31000 	/System/Library/Frameworks/GSS.framework/Versions/A/GSS
0x00007fff739fd000 	/usr/lib/libresolv.9.dylib
0x00007fff724df000 	/usr/lib/libiconv.2.dylib
0x00007fff64976000 	/System/Library/PrivateFrameworks/Heimdal.framework/Versions/A/Heimdal
0x00007fff724af000 	/usr/lib/libheimdal-asn1.dylib
0x00007fff50bfb000 	/System/Library/Frameworks/OpenDirectory.framework/Versions/A/OpenDirectory
0x00007fff5b43c000 	/System/Library/PrivateFrameworks/CommonAuth.framework/Versions/A/CommonAuth
0x00007fff50bdf000 	/System/Library/Frameworks/OpenDirectory.framework/Versions/A/Frameworks/CFOpenDirectory.framework/Versions/A/CFOpenDirectory
0x00007fff53c9a000 	/System/Library/Frameworks/SecurityFoundation.framework/Versions/A/SecurityFoundation
0x00007fff57576000 	/System/Library/PrivateFrameworks/APFS.framework/Versions/A/APFS
0x00007fff73ec5000 	/usr/lib/libutil.dylib
0x00007fff719c4000 	/usr/lib/libcharset.1.dylib
0x00007fff58d0c000 	/System/Library/PrivateFrameworks/AppleSauce.framework/Versions/A/AppleSauce
0x00007fff58e8d000 	/System/Library/PrivateFrameworks/AssertionServices.framework/Versions/A/AssertionServices
0x00007fff5976a000 	/System/Library/PrivateFrameworks/BaseBoard.framework/Versions/A/BaseBoard
0x00007fff728af000 	/usr/lib/libmecab.1.0.0.dylib
0x00007fff724a9000 	/usr/lib/libgermantok.dylib
0x00007fff71794000 	/usr/lib/libThaiTokenizer.dylib
0x00007fff71240000 	/usr/lib/libChineseTokenizer.dylib
0x00007fff6638b000 	/System/Library/PrivateFrameworks/LanguageModeling.framework/Versions/A/LanguageModeling
0x00007fff5c11b000 	/System/Library/PrivateFrameworks/CoreEmoji.framework/Versions/A/CoreEmoji
0x00007fff66467000 	/System/Library/PrivateFrameworks/Lexicon.framework/Versions/A/Lexicon
0x00007fff664aa000 	/System/Library/PrivateFrameworks/LinguisticData.framework/Versions/A/LinguisticData
0x00007fff719c5000 	/usr/lib/libcmph.dylib
0x00007fff53d58000 	/System/Library/Frameworks/ServiceManagement.framework/Versions/A/ServiceManagement
0x00007fff596cb000 	/System/Library/PrivateFrameworks/BackgroundTaskManagement.framework/Versions/A/BackgroundTaskManagement
0x00007fff73fbe000 	/usr/lib/libxslt.1.dylib
0x00007fff47abe000 	/System/Library/Frameworks/Carbon.framework/Versions/A/Frameworks/Ink.framework/Versions/A/Ink
0x00007fff6f2d5000 	/System/Library/PrivateFrameworks/TextureIO.framework/Versions/A/TextureIO
0x00007fff717e8000 	/usr/lib/libate.dylib
0x00007fff5d3f6000 	/System/Library/PrivateFrameworks/CrashReporterSupport.framework/Versions/A/CrashReporterSupport
0x00007fff6ca87000 	/System/Library/PrivateFrameworks/Sharing.framework/Versions/A/Sharing
0x00007fff5926c000 	/System/Library/PrivateFrameworks/AuthKit.framework/Versions/A/AuthKit
0x00007fff58616000 	/System/Library/PrivateFrameworks/Apple80211.framework/Versions/A/Apple80211
0x00007fff5d1a2000 	/System/Library/PrivateFrameworks/CoreUtils.framework/Versions/A/CoreUtils
0x00007fff4a26c000 	/System/Library/Frameworks/CoreWLAN.framework/Versions/A/CoreWLAN
0x00007fff4ac60000 	/System/Library/Frameworks/IOBluetooth.framework/Versions/A/IOBluetooth
0x00007fff6af13000 	/System/Library/PrivateFrameworks/ProtocolBuffer.framework/Versions/A/ProtocolBuffer
0x00007fff673fc000 	/System/Library/PrivateFrameworks/MobileKeyBag.framework/Versions/A/MobileKeyBag
0x00007fff5c9e8000 	/System/Library/PrivateFrameworks/CorePhoneNumbers.framework/Versions/A/CorePhoneNumbers
0x00007fff58a23000 	/System/Library/PrivateFrameworks/AppleIDAuthSupport.framework/Versions/A/AppleIDAuthSupport
0x00007fff6635e000 	/System/Library/PrivateFrameworks/KeychainCircle.framework/Versions/A/KeychainCircle
0x00007fff6b0c9000 	/System/Library/PrivateFrameworks/ROCKit.framework/Versions/A/ROCKit
0x00007fff5d392000 	/System/Library/PrivateFrameworks/CoreWiFi.framework/Versions/A/CoreWiFi
0x00007fff48009000 	/System/Library/Frameworks/CoreBluetooth.framework/Versions/A/CoreBluetooth
0x00007fff5d5ec000 	/System/Library/PrivateFrameworks/DebugSymbols.framework/Versions/A/DebugSymbols
0x00007fff5cf63000 	/System/Library/PrivateFrameworks/CoreSymbolication.framework/Versions/A/CoreSymbolication
0x00007fff6eaf1000 	/System/Library/PrivateFrameworks/Symbolication.framework/Versions/A/Symbolication
0x00007fff6e394000 	/System/Library/PrivateFrameworks/SpeechRecognitionCore.framework/Versions/A/SpeechRecognitionCore
0x0000000103800000 	/Library/Java/JavaVirtualMachines/jdk-11.0.2.jdk/Contents/Home/lib/server/libjvm.dylib
0x00000001027bf000 	/Library/Java/JavaVirtualMachines/jdk-11.0.2.jdk/Contents/Home/lib/libverify.dylib
0x00000001027cb000 	/Library/Java/JavaVirtualMachines/jdk-11.0.2.jdk/Contents/Home/lib/libjava.dylib
0x000000010455f000 	/Library/Java/JavaVirtualMachines/jdk-11.0.2.jdk/Contents/Home/lib/libinstrument.dylib
0x00000001045f7000 	/Library/Java/JavaVirtualMachines/jdk-11.0.2.jdk/Contents/Home/lib/libzip.dylib
0x00000001045ff000 	/Library/Java/JavaVirtualMachines/jdk-11.0.2.jdk/Contents/Home/lib/libjimage.dylib
0x000000010af30000 	/Library/Java/JavaVirtualMachines/jdk-11.0.2.jdk/Contents/Home/lib/libnio.dylib
0x000000010af3e000 	/Library/Java/JavaVirtualMachines/jdk-11.0.2.jdk/Contents/Home/lib/./libnet.dylib
0x000000010ae1b000 	/Library/Java/JavaVirtualMachines/jdk-11.0.2.jdk/Contents/Home/lib/libextnet.dylib
0x000000010ae91000 	/Users/eirikboyum/.openjfx/cache/11.0.2/libprism_es2.dylib
0x00007fff5cb6c000 	/System/Library/PrivateFrameworks/CoreServicesInternal.framework/Versions/A/CoreServicesInternal
0x00007fff52112000 	/System/Library/Frameworks/OpenGL.framework/Versions/A/Resources/GLEngine.bundle/GLEngine
0x00007fff515b4000 	/System/Library/Frameworks/OpenGL.framework/Versions/A/Libraries/libGLProgrammability.dylib
0x00007fff4075f000 	/System/Library/Extensions/AppleIntelHD5000GraphicsGLDriver.bundle/Contents/MacOS/AppleIntelHD5000GraphicsGLDriver
0x00007fff63a04000 	/System/Library/PrivateFrameworks/GPUSupport.framework/Versions/A/Libraries/libGPUSupportMercury.dylib
0x00007fff522a8000 	/System/Library/Frameworks/OpenGL.framework/Versions/A/Resources/GLRendererFloat.bundle/GLRendererFloat
0x00007fff50b7e000 	/System/Library/Frameworks/OpenCL.framework/Versions/A/Libraries/libcldcpuengine.dylib
0x00007fff71e19000 	/usr/lib/libcrypto.35.dylib
0x00007fff6f453000 	/System/Library/PrivateFrameworks/TrustEvaluationAgent.framework/Versions/A/TrustEvaluationAgent
0x0000000125e98000 	/Users/eirikboyum/.openjfx/cache/11.0.2/libglass.dylib
0x00007fff3cf8b000 	/System/Library/CoreServices/RawCamera.bundle/Contents/MacOS/RawCamera
0x00007fff67266000 	/System/Library/PrivateFrameworks/MobileAsset.framework/Versions/A/MobileAsset
0x00007fff6ea3f000 	/System/Library/PrivateFrameworks/StreamingZip.framework/Versions/A/StreamingZip
0x00007fff4c98c000 	/System/Library/Frameworks/MediaToolbox.framework/Versions/A/MediaToolbox
0x00007fff5bcc2000 	/System/Library/PrivateFrameworks/CoreAVCHD.framework/Versions/A/CoreAVCHD
0x00007fff4c8d3000 	/System/Library/Frameworks/MediaAccessibility.framework/Versions/A/MediaAccessibility
0x00007fff66ccc000 	/System/Library/PrivateFrameworks/Mangrove.framework/Versions/A/Mangrove
0x00007fff49594000 	/System/Library/Frameworks/CoreMedia.framework/Versions/A/CoreMedia
0x00007fff543b7000 	/System/Library/Frameworks/VideoToolbox.framework/Versions/A/VideoToolbox
0x00007fff5b8de000 	/System/Library/PrivateFrameworks/CoreAUC.framework/Versions/A/CoreAUC
0x00007fff73a66000 	/usr/lib/libspindump.dylib
0x00007fff58df2000 	/System/Library/PrivateFrameworks/AppleVA.framework/Versions/A/AppleVA
0x00007fff44914000 	/System/Library/Frameworks/Accelerate.framework/Versions/A/Frameworks/vImage.framework/Versions/A/Libraries/libCGInterfaces.dylib
0x00007fff7028c000 	/System/Library/PrivateFrameworks/ViewBridge.framework/Versions/A/ViewBridge
0x000000010b1eb000 	/Users/eirikboyum/.openjfx/cache/11.0.2/libjavafx_font.dylib
0x00007fff46c07000 	/System/Library/Frameworks/ApplicationServices.framework/Versions/A/Frameworks/ATS.framework/Versions/A/Resources/libTrueTypeScaler.dylib
0x000000010ae0b000 	/usr/lib/libobjc-trampolines.dylib
0x00007fff40c72000 	/System/Library/Extensions/AppleIntelHD5000GraphicsMTLDriver.bundle/Contents/MacOS/AppleIntelHD5000GraphicsMTLDriver
0x00007fff6236f000 	/System/Library/PrivateFrameworks/GPUCompiler.framework/Versions/3902/Libraries/libmetal_timestamp.dylib
0x00007fff5eb8a000 	/System/Library/PrivateFrameworks/FinderKit.framework/Versions/A/FinderKit
0x00007fff52e0f000 	/System/Library/Frameworks/Quartz.framework/Versions/A/Frameworks/QuickLookUI.framework/Versions/A/QuickLookUI
0x00007fff525d6000 	/System/Library/Frameworks/Quartz.framework/Versions/A/Frameworks/ImageKit.framework/Versions/A/ImageKit
0x00007fff53168000 	/System/Library/Frameworks/QuickLook.framework/Versions/A/QuickLook
0x00007fff6edc4000 	/System/Library/PrivateFrameworks/SystemAdministration.framework/Versions/A/SystemAdministration
0x00007fff5d8a2000 	/System/Library/PrivateFrameworks/DiskImages.framework/Versions/A/DiskImages
0x00007fff58dee000 	/System/Library/PrivateFrameworks/AppleSystemInfo.framework/Versions/A/AppleSystemInfo
0x00007fff4ae6b000 	/System/Library/Frameworks/ImageCaptureCore.framework/Versions/A/ImageCaptureCore
0x00007fff6ea7c000 	/System/Library/PrivateFrameworks/Suggestions.framework/Versions/A/Suggestions
0x00007fff6cbd5000 	/System/Library/PrivateFrameworks/SidecarUI.framework/Versions/A/SidecarUI
0x00007fff53386000 	/System/Library/Frameworks/SafariServices.framework/Versions/A/SafariServices
0x00007fff6b0af000 	/System/Library/PrivateFrameworks/QuickLookNonBaseSystem.framework/Versions/A/QuickLookNonBaseSystem
0x00007fff5248c000 	/System/Library/Frameworks/QTKit.framework/Versions/A/QTKit
0x00007fff4456b000 	/System/Library/Frameworks/AVFoundation.framework/Versions/A/AVFoundation
0x00007fff66d56000 	/System/Library/PrivateFrameworks/MarkupUI.framework/Versions/A/MarkupUI
0x00007fff52f11000 	/System/Library/Frameworks/Quartz.framework/Versions/A/Quartz
0x00007fff583d3000 	/System/Library/PrivateFrameworks/AnnotationKit.framework/Versions/A/AnnotationKit
0x00007fff5c8a7000 	/System/Library/PrivateFrameworks/CorePDF.framework/Versions/A/CorePDF
0x00007fff52918000 	/System/Library/Frameworks/Quartz.framework/Versions/A/Frameworks/QuartzComposer.framework/Versions/A/QuartzComposer
0x00007fff5282b000 	/System/Library/Frameworks/Quartz.framework/Versions/A/Frameworks/PDFKit.framework/Versions/A/PDFKit
0x00007fff52de8000 	/System/Library/Frameworks/Quartz.framework/Versions/A/Frameworks/QuartzFilters.framework/Versions/A/QuartzFilters
0x00007fff4b786000 	/System/Library/Frameworks/JavaScriptCore.framework/Versions/A/JavaScriptCore
0x00007fff6f053000 	/System/Library/PrivateFrameworks/SystemPolicy.framework/Versions/A/SystemPolicy
0x00007fff477b8000 	/System/Library/Frameworks/Carbon.framework/Versions/A/Carbon
0x00007fff5c595000 	/System/Library/PrivateFrameworks/CoreMediaAuthoring.framework/Versions/A/CoreMediaAuthoring
0x00007fff49696000 	/System/Library/Frameworks/CoreMediaIO.framework/Versions/A/CoreMediaIO
0x00007fff44746000 	/System/Library/Frameworks/AVFoundation.framework/Versions/A/Frameworks/AVFAudio.framework/Versions/A/AVFAudio
0x00007fff661f5000 	/System/Library/PrivateFrameworks/InternationalSupport.framework/Versions/A/InternationalSupport
0x00007fff6b248000 	/System/Library/PrivateFrameworks/RemoteServiceDiscovery.framework/Versions/A/RemoteServiceDiscovery
0x00007fff6b289000 	/System/Library/PrivateFrameworks/RemoteXPC.framework/Versions/A/RemoteXPC
0x00007fff477b9000 	/System/Library/Frameworks/Carbon.framework/Versions/A/Frameworks/CommonPanels.framework/Versions/A/CommonPanels
0x00007fff47ab4000 	/System/Library/Frameworks/Carbon.framework/Versions/A/Frameworks/Help.framework/Versions/A/Help
0x00007fff47ab8000 	/System/Library/Frameworks/Carbon.framework/Versions/A/Frameworks/ImageCapture.framework/Versions/A/ImageCapture
0x00007fff47b54000 	/System/Library/Frameworks/Carbon.framework/Versions/A/Frameworks/OpenScripting.framework/Versions/A/OpenScripting
0x00007fff47b8c000 	/System/Library/Frameworks/Carbon.framework/Versions/A/Frameworks/Print.framework/Versions/A/Print
0x00007fff47b8e000 	/System/Library/Frameworks/Carbon.framework/Versions/A/Frameworks/SecurityHI.framework/Versions/A/SecurityHI
0x00007fff5da38000 	/System/Library/PrivateFrameworks/DisplayServices.framework/Versions/A/DisplayServices
0x00007fff5d971000 	/System/Library/PrivateFrameworks/DiskManagement.framework/Versions/A/DiskManagement
0x00007fff6b0b3000 	/System/Library/PrivateFrameworks/QuickLookThumbnailing.framework/Versions/A/QuickLookThumbnailing
0x00007fff66de4000 	/System/Library/PrivateFrameworks/MediaKit.framework/Versions/A/MediaKit
0x00007fff4a47d000 	/System/Library/Frameworks/DiscRecording.framework/Versions/A/DiscRecording
0x00007fff7124b000 	/usr/lib/libCoreStorage.dylib
0x00007fff722da000 	/usr/lib/libcsfde.dylib
0x00007fff5dae1000 	/System/Library/PrivateFrameworks/EFILogin.framework/Versions/A/EFILogin
0x00007fff6aebe000 	/System/Library/PrivateFrameworks/ProtectedCloudStorage.framework/Versions/A/ProtectedCloudStorage
0x00007fff63da2000 	/System/Library/PrivateFrameworks/GenerationalStorage.framework/Versions/A/GenerationalStorage
0x00007fff5a635000 	/System/Library/PrivateFrameworks/ChunkingLibrary.framework/Versions/A/ChunkingLibrary
0x00007fff5bd86000 	/System/Library/PrivateFrameworks/CoreBrightness.framework/Versions/A/CoreBrightness
0x00007fff597e0000 	/System/Library/PrivateFrameworks/BezelServices.framework/Versions/A/BezelServices
0x00007fff68f80000 	/System/Library/PrivateFrameworks/PencilKit.framework/Versions/A/PencilKit
0x00007fff5c2d4000 	/System/Library/PrivateFrameworks/CoreHandwriting.framework/Versions/A/CoreHandwriting
0x00007fff4d0bf000 	/System/Library/Frameworks/MetalKit.framework/Versions/A/MetalKit
0x00007fff4936a000 	/System/Library/Frameworks/CoreML.framework/Versions/A/CoreML
0x00007fff5e21a000 	/System/Library/PrivateFrameworks/Espresso.framework/Versions/A/Espresso
0x00007fff67428000 	/System/Library/PrivateFrameworks/Montreal.framework/Versions/A/Montreal
0x00007fff4a471000 	/System/Library/Frameworks/DirectoryService.framework/Versions/A/DirectoryService
0x00007fff665a3000 	/System/Library/PrivateFrameworks/LoginUIKit.framework/Versions/A/Frameworks/LoginUICore.framework/Versions/A/LoginUICore
0x00007fff73897000 	/usr/lib/libodfde.dylib
0x00007fff7236c000 	/usr/lib/libcurl.4.dylib
0x00007fff72142000 	/usr/lib/libcrypto.42.dylib
0x00007fff73d48000 	/usr/lib/libssl.44.dylib
0x00007fff4c61b000 	/System/Library/Frameworks/LDAP.framework/Versions/A/LDAP
0x00007fff73a53000 	/usr/lib/libsasl2.2.dylib
0x00007fff5bf18000 	/System/Library/PrivateFrameworks/CoreDaemon.framework/Versions/B/CoreDaemon
0x00007fff58d07000 	/System/Library/PrivateFrameworks/AppleSRP.framework/Versions/A/AppleSRP
0x00007fff45a03000 	/System/Library/Frameworks/AddressBook.framework/Versions/A/AddressBook
0x00007fff5b779000 	/System/Library/PrivateFrameworks/ContactsPersistence.framework/Versions/A/ContactsPersistence
0x00007fff57eb5000 	/System/Library/PrivateFrameworks/AddressBookCore.framework/Versions/A/AddressBookCore
0x00007fff59f48000 	/System/Library/PrivateFrameworks/CalendarAgentLink.framework/Versions/A/CalendarAgentLink
0x00007fff5b716000 	/System/Library/PrivateFrameworks/ContactsFoundation.framework/Versions/A/ContactsFoundation
0x00007fff66263000 	/System/Library/PrivateFrameworks/IntlPreferences.framework/Versions/A/IntlPreferences
0x00007fff53d27000 	/System/Library/Frameworks/SecurityInterface.framework/Versions/A/SecurityInterface
0x00007fff6f3fa000 	/System/Library/PrivateFrameworks/ToneKit.framework/Versions/A/ToneKit
0x00007fff6f416000 	/System/Library/PrivateFrameworks/ToneLibrary.framework/Versions/A/ToneLibrary
0x00007fff70f8f000 	/System/Library/PrivateFrameworks/vCard.framework/Versions/A/vCard
0x00007fff459a6000 	/System/Library/Frameworks/Accounts.framework/Versions/A/Accounts
0x00007fff692aa000 	/System/Library/PrivateFrameworks/PhoneNumbers.framework/Versions/A/PhoneNumbers
0x00007fff70f43000 	/System/Library/PrivateFrameworks/login.framework/Versions/A/login
0x00007fff58ce9000 	/System/Library/PrivateFrameworks/ApplePushService.framework/Versions/A/ApplePushService
0x00007fff47d94000 	/System/Library/Frameworks/Contacts.framework/Versions/A/Contacts
0x00007fff5b459000 	/System/Library/PrivateFrameworks/CommonUtilities.framework/Versions/A/CommonUtilities
0x00007fff5985d000 	/System/Library/PrivateFrameworks/Bom.framework/Versions/A/Bom
0x00007fff58ab9000 	/System/Library/PrivateFrameworks/AppleLDAP.framework/Versions/A/AppleLDAP
0x00007fff6cbc2000 	/System/Library/PrivateFrameworks/SidecarCore.framework/Versions/A/SidecarCore
0x00007fff5a79a000 	/System/Library/PrivateFrameworks/CloudDocs.framework/Versions/A/CloudDocs
0x00007fff5eaec000 	/System/Library/PrivateFrameworks/FileProvider.framework/Versions/A/FileProvider
0x00007fff6e452000 	/System/Library/PrivateFrameworks/SpotlightIndex.framework/Versions/A/SpotlightIndex
0x00007fff6eb7d000 	/System/Library/PrivateFrameworks/SymptomDiagnosticReporter.framework/Versions/A/SymptomDiagnosticReporter
0x00007fff6aab2000 	/System/Library/PrivateFrameworks/PowerLog.framework/Versions/A/PowerLog
0x00007fff5bd10000 	/System/Library/PrivateFrameworks/CoreAnalytics.framework/Versions/A/CoreAnalytics
0x00007fff6aa64000 	/System/Library/PrivateFrameworks/PlugInKit.framework/Versions/A/PlugInKit
0x00007fff47b98000 	/System/Library/Frameworks/CloudKit.framework/Versions/A/CloudKit
0x00007fff49298000 	/System/Library/Frameworks/CoreLocation.framework/Versions/A/CoreLocation
0x00007fff63ddf000 	/System/Library/PrivateFrameworks/GeoServices.framework/Versions/A/GeoServices


VM Arguments:
jvm_args: -Dmaven.multiModuleProjectDirectory=/Users/eirikboyum/Documents/GitHub/ForsikringsRegister -Dmaven.home=/Applications/IntelliJ IDEA CE.app/Contents/plugins/maven/lib/maven3 -Dclassworlds.conf=/Applications/IntelliJ IDEA CE.app/Contents/plugins/maven/lib/maven3/bin/m2.conf -javaagent:/Applications/IntelliJ IDEA CE.app/Contents/lib/idea_rt.jar=56136:/Applications/IntelliJ IDEA CE.app/Contents/bin -Dfile.encoding=UTF-8 
java_command: org.codehaus.classworlds.Launcher -Didea.version2019.1.1 exec:java
java_class_path (initial): /Applications/IntelliJ IDEA CE.app/Contents/plugins/maven/lib/maven3/boot/plexus-classworlds-2.5.2.jar
Launcher Type: SUN_STANDARD

[Global flags]
     intx CICompilerCount                          = 4                                         {product} {ergonomic}
     uint ConcGCThreads                            = 2                                         {product} {ergonomic}
     uint G1ConcRefinementThreads                  = 8                                         {product} {ergonomic}
   size_t G1HeapRegionSize                         = 1048576                                   {product} {ergonomic}
    uintx GCDrainStackTargetSize                   = 64                                        {product} {ergonomic}
   size_t InitialHeapSize                          = 134217728                                 {product} {ergonomic}
   size_t MarkStackSize                            = 4194304                                   {product} {ergonomic}
   size_t MaxHeapSize                              = 2147483648                                {product} {ergonomic}
   size_t MaxNewSize                               = 1287651328                                {product} {ergonomic}
   size_t MinHeapDeltaBytes                        = 1048576                                   {product} {ergonomic}
    uintx NonNMethodCodeHeapSize                   = 5835340                                {pd product} {ergonomic}
    uintx NonProfiledCodeHeapSize                  = 122911450                              {pd product} {ergonomic}
    uintx ProfiledCodeHeapSize                     = 122911450                              {pd product} {ergonomic}
    uintx ReservedCodeCacheSize                    = 251658240                              {pd product} {ergonomic}
     bool SegmentedCodeCache                       = true                                      {product} {ergonomic}
     bool UseCompressedClassPointers               = true                                 {lp64_product} {ergonomic}
     bool UseCompressedOops                        = true                                 {lp64_product} {ergonomic}
     bool UseG1GC                                  = true                                      {product} {ergonomic}

Logging:
Log output configuration:
 #0: stdout all=warning uptime,level,tags
 #1: stderr all=off uptime,level,tags

Environment Variables:
PATH=/usr/local/bin:/usr/bin:/bin:/usr/sbin:/sbin
SHELL=/bin/bash

Signal Handlers:
SIGSEGV: [libjvm.dylib+0x740190], sa_mask[0]=11111111011111110111111111111111, sa_flags=SA_ONSTACK|SA_RESTART|SA_SIGINFO
SIGBUS: [libjvm.dylib+0x740190], sa_mask[0]=11111111011111110111111111111111, sa_flags=SA_RESTART|SA_SIGINFO
SIGFPE: [libjvm.dylib+0x740190], sa_mask[0]=11111111011111110111111111111111, sa_flags=SA_RESTART|SA_SIGINFO
SIGPIPE: [libjvm.dylib+0x5f2e42], sa_mask[0]=11111111011111110111111111111111, sa_flags=SA_RESTART|SA_SIGINFO
SIGXFSZ: [libjvm.dylib+0x5f2e42], sa_mask[0]=11111111011111110111111111111111, sa_flags=SA_RESTART|SA_SIGINFO
SIGILL: [libjvm.dylib+0x740190], sa_mask[0]=11111111011111110111111111111111, sa_flags=SA_RESTART|SA_SIGINFO
SIGUSR2: [libjvm.dylib+0x5f3427], sa_mask[0]=00100000000000000000000000000000, sa_flags=SA_RESTART|SA_SIGINFO
SIGHUP: [libjvm.dylib+0x5f1e83], sa_mask[0]=11111111011111110111111111111111, sa_flags=SA_RESTART|SA_SIGINFO
SIGINT: [libjvm.dylib+0x5f1e83], sa_mask[0]=11111111011111110111111111111111, sa_flags=SA_RESTART|SA_SIGINFO
SIGTERM: [libjvm.dylib+0x5f1e83], sa_mask[0]=11111111011111110111111111111111, sa_flags=SA_RESTART|SA_SIGINFO
SIGQUIT: [libjvm.dylib+0x5f1e83], sa_mask[0]=11111111011111110111111111111111, sa_flags=SA_RESTART|SA_SIGINFO


---------------  S Y S T E M  ---------------

OS:uname:Darwin 18.5.0 Darwin Kernel Version 18.5.0: Mon Mar 11 20:40:32 PDT 2019; root:xnu-4903.251.3~3/RELEASE_X86_64 x86_64
rlimit: STACK 8192k, CORE 0k, NPROC 709, NOFILE 10240, AS infinity, DATA infinity, FSIZE infinity
load average:2.77 2.20 2.08

CPU:total 8 (initial active 8) (4 cores per cpu, 2 threads per core) family 6 model 70 stepping 1, cmov, cx8, fxsr, mmx, sse, sse2, sse3, ssse3, sse4.1, sse4.2, popcnt, avx, avx2, aes, clmul, erms, lzcnt, ht, tsc, tscinvbit, bmi1, bmi2, fma

Memory: 4k page, physical 8388608k(46460k free)

vm_info: Java HotSpot(TM) 64-Bit Server VM (11.0.2+9-LTS) for bsd-amd64 JRE (11.0.2+9-LTS), built on Jan 18 2019 08:16:46 by "mach5one" with gcc 4.2.1 Compatible Apple LLVM 9.1.0 (clang-902.0.39.2)

END.
